Build started 5/8/2020 7:24:50 AM.
     1>Project "C:\Users\fyras\Git\quake2-full\ctf\ctf.vcxproj" on node 2 (Build target(s)).
     1>ClCompile:
         C:\Program Files (x86)\Microsoft Visual Studio 12.0\VC\bin\CL.exe /c /Zi /nologo /W4 /WX- /O2 /Oy- /D WIN32 /D NDEBUG /D _WINDOWS /D _VC80_UPGRADE=0x0600 /D _WINDLL /GF /Gm- /EHsc /MT /GS /Gy /fp:precise /Zc:wchar_t /Zc:forScope /Fo".\release\\" /Fd".\release\vc120.pdb" /Gd /TC /analyze- /errorReport:prompt g_func.c
         g_func.c
     1>g_func.c(431): warning C4100: 'activator' : unreferenced formal parameter
     1>g_func.c(431): warning C4100: 'other' : unreferenced formal parameter
     1>g_func.c(439): warning C4100: 'surf' : unreferenced formal parameter
     1>g_func.c(439): warning C4100: 'plane' : unreferenced formal parameter
     1>g_func.c(603): warning C4100: 'surf' : unreferenced formal parameter
     1>g_func.c(603): warning C4100: 'plane' : unreferenced formal parameter
     1>g_func.c(609): warning C4100: 'activator' : unreferenced formal parameter
     1>g_func.c(609): warning C4100: 'other' : unreferenced formal parameter
     1>g_func.c(740): warning C4100: 'other' : unreferenced formal parameter
     1>g_func.c(746): warning C4100: 'surf' : unreferenced formal parameter
     1>g_func.c(746): warning C4100: 'plane' : unreferenced formal parameter
     1>g_func.c(758): warning C4100: 'point' : unreferenced formal parameter
     1>g_func.c(758): warning C4100: 'damage' : unreferenced formal parameter
     1>g_func.c(758): warning C4100: 'inflictor' : unreferenced formal parameter
     1>g_func.c(952): warning C4100: 'other' : unreferenced formal parameter
     1>g_func.c(983): warning C4100: 'surf' : unreferenced formal parameter
     1>g_func.c(983): warning C4100: 'plane' : unreferenced formal parameter
     1>g_func.c(1116): warning C4100: 'point' : unreferenced formal parameter
     1>g_func.c(1116): warning C4100: 'damage' : unreferenced formal parameter
     1>g_func.c(1116): warning C4100: 'inflictor' : unreferenced formal parameter
     1>g_func.c(1128): warning C4100: 'surf' : unreferenced formal parameter
     1>g_func.c(1128): warning C4100: 'plane' : unreferenced formal parameter
     1>g_func.c(1635): warning C4100: 'other' : unreferenced formal parameter
     1>g_func.c(1701): warning C4100: 'activator' : unreferenced formal parameter
     1>g_func.c(1779): warning C4100: 'other' : unreferenced formal parameter
     1>g_func.c(1827): warning C4100: 'activator' : unreferenced formal parameter
     1>g_func.c(1827): warning C4100: 'other' : unreferenced formal parameter
     1>g_func.c(1888): warning C4100: 'activator' : unreferenced formal parameter
     1>g_func.c(1888): warning C4100: 'other' : unreferenced formal parameter
     1>g_func.c(1962): warning C4100: 'point' : unreferenced formal parameter
     1>g_func.c(1962): warning C4100: 'damage' : unreferenced formal parameter
     1>g_func.c(1962): warning C4100: 'inflictor' : unreferenced formal parameter
     1>g_func.c(2039): warning C4100: 'activator' : unreferenced formal parameter
     1>g_func.c(2039): warning C4100: 'other' : unreferenced formal parameter
     1>c:\users\fyras\git\quake2-full\ctf\g_func.c(862): warning C4706: assignment within conditional expression
     1>C:\Program Files (x86)\MSBuild\Microsoft.Cpp\v4.0\V120\Microsoft.CppBuild.targets(1186,5): warning MSB8012: TargetPath(C:\Users\fyras\Git\quake2-full\ctf\.\release\ctf.dll) does not match the Linker's OutputFile property value (C:\Users\fyras\Git\quake2-full\ctf\release\gamex86.dll). This may cause your project to build incorrectly. To correct this, please make sure that $(OutDir), $(TargetName) and $(TargetExt) property values match the value specified in %(Link.OutputFile).
     1>C:\Program Files (x86)\MSBuild\Microsoft.Cpp\v4.0\V120\Microsoft.CppBuild.targets(1188,5): warning MSB8012: TargetName(ctf) does not match the Linker's OutputFile property value (gamex86). This may cause your project to build incorrectly. To correct this, please make sure that $(OutDir), $(TargetName) and $(TargetExt) property values match the value specified in %(Link.OutputFile).
       Link:
         C:\Program Files (x86)\Microsoft Visual Studio 12.0\VC\bin\link.exe /ERRORREPORT:PROMPT /OUT:".\release\gamex86.dll" /INCREMENTAL:NO /NOLOGO winmm.lib kernel32.lib user32.lib gdi32.lib winspool.lib comdlg32.lib advapi32.lib shell32.lib ole32.lib oleaut32.lib uuid.lib odbc32.lib odbccp32.lib /DEF:".\ctf.def" /MANIFEST /MANIFESTUAC:"level='asInvoker' uiAccess='false'" /manifest:embed /PDB:".\release\ctf.pdb" /SUBSYSTEM:WINDOWS /TLBID:1 /DYNAMICBASE /NXCOMPAT /IMPLIB:".\release\gamex86.lib" /MACHINE:X86 /SAFESEH /DLL .\release\g_ai.obj
         .\release\g_chase.obj
         .\release\g_cmds.obj
         .\release\g_combat.obj
         .\release\g_ctf.obj
         .\release\g_func.obj
         .\release\g_items.obj
         .\release\g_main.obj
         .\release\g_misc.obj
         .\release\g_monster.obj
         .\release\g_phys.obj
         .\release\g_save.obj
         .\release\g_spawn.obj
         .\release\g_svcmds.obj
         .\release\g_target.obj
         .\release\g_trigger.obj
         .\release\g_utils.obj
         .\release\g_weapon.obj
         .\release\m_move.obj
         .\release\p_client.obj
         .\release\p_hud.obj
         .\release\p_menu.obj
         .\release\p_trail.obj
         .\release\p_view.obj
         .\release\p_weapon.obj
         .\release\q_shared.obj
            Creating library .\release\gamex86.lib and object .\release\gamex86.exp
         ctf.vcxproj -> C:\Users\fyras\Git\quake2-full\ctf\.\release\ctf.dll
     1>Done Building Project "C:\Users\fyras\Git\quake2-full\ctf\ctf.vcxproj" (Build target(s)).

Build succeeded.

Time Elapsed 00:00:00.70
